Attaching to process ID 9265, please wait...
Debugger attached successfully.
Server compiler detected.
JVM version is 25.202-b08
class_loader	classes	bytes	parent_loader	alive?	type

<bootstrap>	1921	3335739	  null  	live	<internal>
0x00000000f7105b10	1	1471	0x00000000f6600308	dead	sun/reflect/DelegatingClassLoader@0x000000010000a028
0x00000000f6c236c0	1	1473	0x00000000f6600308	dead	sun/reflect/DelegatingClassLoader@0x000000010000a028
0x00000000f705b300	1	1471	  null  	dead	sun/reflect/DelegatingClassLoader@0x000000010000a028
0x00000000f71e2718	1	1471	0x00000000f6600308	dead	sun/reflect/DelegatingClassLoader@0x000000010000a028
0x00000000f71ef518	1	1471	0x00000000f6600308	dead	sun/reflect/DelegatingClassLoader@0x000000010000a028
0x00000000f6614a68	1	1471	0x00000000f6600308	dead	sun/reflect/DelegatingClassLoader@0x000000010000a028
0x00000000f7110318	1	1471	  null  	dead	sun/reflect/DelegatingClassLoader@0x000000010000a028
0x00000000f705b508	1	880	0x00000000f6600308	dead	sun/reflect/DelegatingClassLoader@0x000000010000a028
0x00000000f6f686f8	1	1471	  null  	dead	sun/reflect/DelegatingClassLoader@0x000000010000a028
0x00000000f7211130	1	1471	0x00000000f6600308	dead	sun/reflect/DelegatingClassLoader@0x000000010000a028
0x00000000f6c25ad0	1	1471	0x00000000f6600308	dead	sun/reflect/DelegatingClassLoader@0x000000010000a028
0x00000000f6f68ce0	1	1471	0x00000000f6600308	dead	sun/reflect/DelegatingClassLoader@0x000000010000a028
0x00000000f71e6f08	1	1471	0x00000000f6600308	dead	sun/reflect/DelegatingClassLoader@0x000000010000a028
0x00000000f70fb318	1	1471	0x00000000f6600308	dead	sun/reflect/DelegatingClassLoader@0x000000010000a028
0x00000000f71f4108	0	0	0x00000000f6600308	dead	org/apache/flink/runtime/execution/librarycache/FlinkUserCodeClassLoaders$SafetyNetWrapperClassLoader@0x00000001005d44b0
0x00000000fa300e28	1	1471	  null  	dead	sun/reflect/DelegatingClassLoader@0x000000010000a028
0x00000000f7116f08	1	1473	  null  	dead	sun/reflect/DelegatingClassLoader@0x000000010000a028
0x00000000f71b3900	1	1471	0x00000000f6600308	dead	sun/reflect/DelegatingClassLoader@0x000000010000a028
0x00000000f705af18	1	1471	0x00000000f6600308	dead	sun/reflect/DelegatingClassLoader@0x000000010000a028
0x00000000f705c318	1	1471	0x00000000f6600308	dead	sun/reflect/DelegatingClassLoader@0x000000010000a028
0x00000000fa300810	1	880	  null  	dead	sun/reflect/DelegatingClassLoader@0x000000010000a028
0x00000000fa301210	1	1471	  null  	dead	sun/reflect/DelegatingClassLoader@0x000000010000a028
0x00000000f71c0d38	1	1471	  null  	dead	sun/reflect/DelegatingClassLoader@0x000000010000a028
0x00000000f6c256e8	1	1471	  null  	dead	sun/reflect/DelegatingClassLoader@0x000000010000a028
0x00000000f70d3320	5	4766	0x00000000f6600308	dead	org/apache/flink/runtime/execution/librarycache/FlinkUserCodeClassLoaders$ParentFirstClassLoader@0x00000001005d4108
0x00000000f71f2130	1	1471	0x00000000f6600308	dead	sun/reflect/DelegatingClassLoader@0x000000010000a028
0x00000000fa300000	1	1471	0x00000000f6600308	dead	sun/reflect/DelegatingClassLoader@0x000000010000a028
0x00000000fa300600	1	1471	0x00000000f6600308	dead	sun/reflect/DelegatingClassLoader@0x000000010000a028
0x00000000f6615850	5	6974	  null  	dead	sun/misc/Launcher$ExtClassLoader@0x000000010000fc80
0x00000000f721af10	1	1471	  null  	dead	sun/reflect/DelegatingClassLoader@0x000000010000a028
0x00000000f71b5d28	1	1471	0x00000000f6600308	dead	sun/reflect/DelegatingClassLoader@0x000000010000a028
0x00000000f705ab30	1	1471	0x00000000f6600308	dead	sun/reflect/DelegatingClassLoader@0x000000010000a028
0x00000000f705bf30	1	1471	0x00000000f6600308	dead	sun/reflect/DelegatingClassLoader@0x000000010000a028
0x00000000f6f67ac0	1	1473	  null  	dead	sun/reflect/DelegatingClassLoader@0x000000010000a028
0x00000000f71e3f28	1	1471	0x00000000f6600308	dead	sun/reflect/DelegatingClassLoader@0x000000010000a028
0x00000000fd777d40	6	5732	0x00000000f6600308	dead	org/apache/flink/runtime/execution/librarycache/FlinkUserCodeClassLoaders$ParentFirstClassLoader@0x00000001005d4108
0x00000000f71db320	1	1471	0x00000000f6600308	dead	sun/reflect/DelegatingClassLoader@0x000000010000a028
0x00000000f7170d28	0	0	0x00000000f6600308	dead	org/apache/flink/runtime/execution/librarycache/FlinkUserCodeClassLoaders$SafetyNetWrapperClassLoader@0x00000001005d44b0
0x00000000fa300470	1	1471	0x00000000f6600308	dead	sun/reflect/DelegatingClassLoader@0x000000010000a028
0x00000000f70ff348	1	1471	0x00000000f6600308	dead	sun/reflect/DelegatingClassLoader@0x000000010000a028
0x00000000f6612428	1	1471	0x00000000f6600308	dead	sun/reflect/DelegatingClassLoader@0x000000010000a028
0x00000000f71a6d50	1	1471	0x00000000f6600308	dead	sun/reflect/DelegatingClassLoader@0x000000010000a028
0x00000000f705bb48	1	1471	0x00000000f6600308	dead	sun/reflect/DelegatingClassLoader@0x000000010000a028
0x00000000f7172f58	1	880	0x00000000f6600308	dead	sun/reflect/DelegatingClassLoader@0x000000010000a028
0x00000000f6c24090	1	1471	0x00000000f6600308	dead	sun/reflect/DelegatingClassLoader@0x000000010000a028
0x00000000f6c24690	1	1471	0x00000000f6600308	dead	sun/reflect/DelegatingClassLoader@0x000000010000a028
0x00000000f6c25490	1	1471	0x00000000f6600308	dead	sun/reflect/DelegatingClassLoader@0x000000010000a028
0x00000000f71ccf48	1	1471	0x00000000f71f3cb0	dead	sun/reflect/DelegatingClassLoader@0x000000010000a028
0x00000000f6f684a0	1	1471	  null  	dead	sun/reflect/DelegatingClassLoader@0x000000010000a028
0x00000000f7113b48	1	1471	0x00000000f6600308	dead	sun/reflect/DelegatingClassLoader@0x000000010000a028
0x00000000f6f67ea8	1	880	  null  	dead	sun/reflect/DelegatingClassLoader@0x000000010000a028
0x00000000f6f6e8a8	1	1471	0x00000000f6600308	dead	sun/reflect/DelegatingClassLoader@0x000000010000a028
0x00000000f6600000	2012	4082014	  null  	dead	org/apache/flink/core/classloading/SubmoduleClassLoader@0x00000001001fb4b0
0x00000000f705b760	1	1471	0x00000000f6600308	dead	sun/reflect/DelegatingClassLoader@0x000000010000a028
0x00000000f6f68290	1	1471	0x00000000f6600308	dead	sun/reflect/DelegatingClassLoader@0x000000010000a028
0x00000000f6c23aa8	1	1473	  null  	dead	sun/reflect/DelegatingClassLoader@0x000000010000a028
0x00000000f6c24ea8	1	1471	0x00000000f6600308	dead	sun/reflect/DelegatingClassLoader@0x000000010000a028
0x00000000f6f6e498	1	1471	0x00000000f6600308	dead	sun/reflect/DelegatingClassLoader@0x000000010000a028
0x00000000f71bcd68	1	1471	  null  	dead	sun/reflect/DelegatingClassLoader@0x000000010000a028
0x00000000f705b170	1	1471	0x00000000f6600308	dead	sun/reflect/DelegatingClassLoader@0x000000010000a028
0x00000000f70d3778	0	0	0x00000000f6600308	dead	org/apache/flink/runtime/execution/librarycache/FlinkUserCodeClassLoaders$SafetyNetWrapperClassLoader@0x00000001005d44b0
0x00000000f71ebd68	1	1471	0x00000000f6600308	dead	sun/reflect/DelegatingClassLoader@0x000000010000a028
0x00000000f68a92f0	1	1474	0x00000000f6600308	dead	sun/reflect/DelegatingClassLoader@0x000000010000a028
0x00000000f7032978	5	4766	0x00000000f6600308	dead	org/apache/flink/runtime/execution/librarycache/FlinkUserCodeClassLoaders$ParentFirstClassLoader@0x00000001005d4108
0x00000000f71b5360	1	1471	0x00000000f6600308	dead	sun/reflect/DelegatingClassLoader@0x000000010000a028
0x00000000f6f68888	1	1471	  null  	dead	sun/reflect/DelegatingClassLoader@0x000000010000a028
0x00000000f66122e0	1	1471	0x00000000f6600308	dead	sun/reflect/DelegatingClassLoader@0x000000010000a028
0x00000000f7114990	1	1471	0x00000000f6600308	dead	sun/reflect/DelegatingClassLoader@0x000000010000a028
0x00000000f71e4f98	1	1471	0x00000000f6600308	dead	sun/reflect/DelegatingClassLoader@0x000000010000a028
0x00000000f6600ce8	1	1471	0x00000000f6600308	dead	sun/reflect/DelegatingClassLoader@0x000000010000a028
0x00000000f705ad88	1	1471	0x00000000f6600308	dead	sun/reflect/DelegatingClassLoader@0x000000010000a028
0x00000000f705c188	1	1471	0x00000000f6600308	dead	sun/reflect/DelegatingClassLoader@0x000000010000a028
0x00000000f71dcd90	1	1471	0x00000000f6600308	dead	sun/reflect/DelegatingClassLoader@0x000000010000a028
0x00000000fd7781f8	0	0	0x00000000f6600308	dead	org/apache/flink/runtime/execution/librarycache/FlinkUserCodeClassLoaders$SafetyNetWrapperClassLoader@0x00000001005d44b0
0x00000000f6c23850	1	1487	0x00000000f6600308	dead	sun/reflect/DelegatingClassLoader@0x000000010000a028
0x00000000f72129b8	1	1471	0x00000000f6600308	dead	sun/reflect/DelegatingClassLoader@0x000000010000a028
0x00000000f7134188	1	1471	  null  	dead	sun/reflect/DelegatingClassLoader@0x000000010000a028
0x00000000f6f67868	1	882	0x00000000f6600308	dead	sun/reflect/DelegatingClassLoader@0x000000010000a028
0x00000000f6f6ca68	1	1473	  null  	dead	sun/reflect/DelegatingClassLoader@0x000000010000a028
0x00000000fd6e37f0	1	1471	0x00000000fd777d40	dead	sun/reflect/DelegatingClassLoader@0x000000010000a028
0x00000000f705bda0	1	1471	0x00000000f6600308	dead	sun/reflect/DelegatingClassLoader@0x000000010000a028
0x00000000f6f67c50	1	1474	  null  	dead	sun/reflect/DelegatingClassLoader@0x000000010000a028
0x00000000fa300c98	1	1471	  null  	dead	sun/reflect/DelegatingClassLoader@0x000000010000a028
0x00000000f6fd3650	5	4766	0x00000000f6600308	dead	org/apache/flink/runtime/execution/librarycache/FlinkUserCodeClassLoaders$ParentFirstClassLoader@0x00000001005d4108
0x00000000f705c5a8	5	4766	0x00000000f6600308	dead	org/apache/flink/runtime/execution/librarycache/FlinkUserCodeClassLoaders$ParentFirstClassLoader@0x00000001005d4108
0x00000000fa301080	1	1471	0x00000000f6600308	dead	sun/reflect/DelegatingClassLoader@0x000000010000a028
0x00000000f71aeba8	1	1471	0x00000000f6600308	dead	sun/reflect/DelegatingClassLoader@0x000000010000a028
0x00000000f71015a8	1	1471	0x00000000f6600308	dead	sun/reflect/DelegatingClassLoader@0x000000010000a028
0x00000000f71129a8	1	1471	0x00000000f6600308	dead	sun/reflect/DelegatingClassLoader@0x000000010000a028
0x00000000f71181a8	1	1471	0x00000000f6600308	dead	sun/reflect/DelegatingClassLoader@0x000000010000a028
0x00000000f7217b98	1	1471	0x00000000f6600308	dead	sun/reflect/DelegatingClassLoader@0x000000010000a028
0x00000000fd5189e8	1	1471	0x00000000fd777d40	dead	sun/reflect/DelegatingClassLoader@0x000000010000a028
0x00000000f6c25878	1	1471	  null  	dead	sun/reflect/DelegatingClassLoader@0x000000010000a028
0x00000000fd7cddc0	1	891	0x00000000f6600308	dead	sun/reflect/DelegatingClassLoader@0x000000010000a028
0x00000000f705b9b8	1	1471	0x00000000f6600308	dead	sun/reflect/DelegatingClassLoader@0x000000010000a028
0x00000000fa300ef0	1	1471	  null  	dead	sun/reflect/DelegatingClassLoader@0x000000010000a028
0x00000000f66148a0	1	1471	0x00000000f6600308	dead	sun/reflect/DelegatingClassLoader@0x000000010000a028
0x00000000f6c25200	1	1471	0x00000000f6600308	dead	sun/reflect/DelegatingClassLoader@0x000000010000a028
0x00000000f71399d0	4	4068	0x00000000f6600308	dead	org/apache/flink/runtime/execution/librarycache/FlinkUserCodeClassLoaders$ParentFirstClassLoader@0x00000001005d4108
0x00000000f6f68630	1	1471	  null  	dead	sun/reflect/DelegatingClassLoader@0x000000010000a028
0x00000000f6f6cc30	0	0	0x00000000f6600308	dead	org/apache/flink/runtime/execution/librarycache/FlinkUserCodeClassLoaders$SafetyNetWrapperClassLoader@0x00000001005d44b0
0x00000000f71f75d8	1	1471	0x00000000f6600308	dead	sun/reflect/DelegatingClassLoader@0x000000010000a028
0x00000000f6c25a08	1	1471	0x00000000f6600308	dead	sun/reflect/DelegatingClassLoader@0x000000010000a028
0x00000000f705b3c8	1	1471	0x00000000f6600308	dead	sun/reflect/DelegatingClassLoader@0x000000010000a028
0x00000000f6f68038	1	889	0x00000000f6f6cda8	dead	sun/reflect/DelegatingClassLoader@0x000000010000a028
0x00000000f71e5dd0	1	1471	0x00000000f6600308	dead	sun/reflect/DelegatingClassLoader@0x000000010000a028
0x00000000f71af3c8	1	1471	0x00000000f6600308	dead	sun/reflect/DelegatingClassLoader@0x000000010000a028
0x00000000f7032dd0	0	0	0x00000000f6600308	dead	org/apache/flink/runtime/execution/librarycache/FlinkUserCodeClassLoaders$SafetyNetWrapperClassLoader@0x00000001005d44b0
0x00000000fd6bf5b8	1	1471	0x00000000fd777d40	dead	sun/reflect/DelegatingClassLoader@0x000000010000a028
0x00000000f705b5d0	1	1471	  null  	dead	sun/reflect/DelegatingClassLoader@0x000000010000a028
0x00000000f71d9dc8	1	1471	0x00000000f71f3cb0	dead	sun/reflect/DelegatingClassLoader@0x000000010000a028
0x00000000f71121c8	1	1471	0x00000000f6600308	dead	sun/reflect/DelegatingClassLoader@0x000000010000a028
0x00000000f6c25620	1	1471	  null  	dead	sun/reflect/DelegatingClassLoader@0x000000010000a028
0x00000000f705afe0	1	1471	0x00000000f6600308	dead	sun/reflect/DelegatingClassLoader@0x000000010000a028
0x00000000fa3008d8	1	1473	  null  	dead	sun/reflect/DelegatingClassLoader@0x000000010000a028
0x00000000fa3012d8	1	1471	  null  	dead	sun/reflect/DelegatingClassLoader@0x000000010000a028
0x00000000f70589e8	1	1471	0x00000000f6600308	dead	sun/reflect/DelegatingClassLoader@0x000000010000a028
0x00000000f71dc1f0	1	1471	0x00000000f6600308	dead	sun/reflect/DelegatingClassLoader@0x000000010000a028
0x00000000f6f68c18	1	1471	0x00000000f6600308	dead	sun/reflect/DelegatingClassLoader@0x000000010000a028
0x00000000f71e9ff0	1	1471	0x00000000f6600308	dead	sun/reflect/DelegatingClassLoader@0x000000010000a028
0x00000000f7180de8	1	880	0x00000000f6600308	dead	sun/reflect/DelegatingClassLoader@0x000000010000a028
0x00000000f7213bd0	1	1471	0x00000000f6600308	dead	sun/reflect/DelegatingClassLoader@0x000000010000a028
0x00000000f7214bd0	1	1471	0x00000000f6600308	dead	sun/reflect/DelegatingClassLoader@0x000000010000a028
0x00000000f7215fd0	1	1471	0x00000000f6600308	dead	sun/reflect/DelegatingClassLoader@0x000000010000a028
0x00000000fa3000c8	1	1471	0x00000000f6600308	dead	sun/reflect/DelegatingClassLoader@0x000000010000a028
0x00000000fa3006c8	1	1471	0x00000000f6600308	dead	sun/reflect/DelegatingClassLoader@0x000000010000a028
0x00000000f7216fd8	1	1471	0x00000000f6600308	dead	sun/reflect/DelegatingClassLoader@0x000000010000a028
0x00000000f6c23c38	1	1473	  null  	dead	sun/reflect/DelegatingClassLoader@0x000000010000a028
0x00000000f6c24438	1	1471	0x00000000f6600308	dead	sun/reflect/DelegatingClassLoader@0x000000010000a028
0x00000000f6c25038	1	1471	0x00000000f6600308	dead	sun/reflect/DelegatingClassLoader@0x000000010000a028
0x00000000f705abf8	1	1471	0x00000000f6600308	dead	sun/reflect/DelegatingClassLoader@0x000000010000a028
0x00000000f705bff8	1	1471	0x00000000f6600308	dead	sun/reflect/DelegatingClassLoader@0x000000010000a028
0x00000000f71e83e0	1	1471	0x00000000f6600308	dead	sun/reflect/DelegatingClassLoader@0x000000010000a028
0x00000000f71f5418	1	1471	0x00000000f6600308	dead	sun/reflect/DelegatingClassLoader@0x000000010000a028
0x00000000fa300538	1	1471	0x00000000f6600308	dead	sun/reflect/DelegatingClassLoader@0x000000010000a028
0x00000000f6c23fc8	1	1471	0x00000000f6600308	dead	sun/reflect/DelegatingClassLoader@0x000000010000a028
0x00000000f6c245c8	1	1471	  null  	dead	sun/reflect/DelegatingClassLoader@0x000000010000a028
0x00000000f6c253c8	1	1471	0x00000000f6600308	dead	sun/reflect/DelegatingClassLoader@0x000000010000a028
0x00000000f6f679f8	1	881	0x00000000f6600308	dead	sun/reflect/DelegatingClassLoader@0x000000010000a028
0x00000000f705bc10	1	1471	0x00000000f6600308	dead	sun/reflect/DelegatingClassLoader@0x000000010000a028
0x00000000f6f67de0	1	1473	  null  	dead	sun/reflect/DelegatingClassLoader@0x000000010000a028
0x00000000f6f6e7e0	1	1471	0x00000000f6600308	dead	sun/reflect/DelegatingClassLoader@0x000000010000a028
0x00000000f6c239e0	1	1473	0x00000000f6600308	dead	sun/reflect/DelegatingClassLoader@0x000000010000a028
0x00000000f6c24de0	1	1471	0x00000000f6600308	dead	sun/reflect/DelegatingClassLoader@0x000000010000a028
0x00000000f71a8430	1	1471	0x00000000f6600308	dead	sun/reflect/DelegatingClassLoader@0x000000010000a028
0x00000000f705b828	1	1471	0x00000000f6600308	dead	sun/reflect/DelegatingClassLoader@0x000000010000a028
0x00000000f7040c30	5	4766	0x00000000f6600308	dead	org/apache/flink/runtime/execution/librarycache/FlinkUserCodeClassLoaders$ParentFirstClassLoader@0x00000001005d4108
0x00000000f6f687c0	1	1471	  null  	dead	sun/reflect/DelegatingClassLoader@0x000000010000a028
0x00000000f6f68fc0	1	1471	0x00000000f6600308	dead	sun/reflect/DelegatingClassLoader@0x000000010000a028
0x00000000f6c235f8	1	880	0x00000000f6600308	dead	sun/reflect/DelegatingClassLoader@0x000000010000a028
0x00000000f7139e28	0	0	0x00000000f6600308	dead	org/apache/flink/runtime/execution/librarycache/FlinkUserCodeClassLoaders$SafetyNetWrapperClassLoader@0x00000001005d44b0
0x00000000f705b238	1	1471	  null  	dead	sun/reflect/DelegatingClassLoader@0x000000010000a028
0x00000000f6f681c8	1	1471	0x00000000f6600308	dead	sun/reflect/DelegatingClassLoader@0x000000010000a028
0x00000000f6f6bfc8	1	1473	  null  	dead	sun/reflect/DelegatingClassLoader@0x000000010000a028
0x00000000f7116450	1	1471	0x00000000f6600308	dead	sun/reflect/DelegatingClassLoader@0x000000010000a028
0x00000000f6c23788	1	1473	0x00000000f6600308	dead	sun/reflect/DelegatingClassLoader@0x000000010000a028
0x00000000f70ff840	1	1471	0x00000000f6600308	dead	sun/reflect/DelegatingClassLoader@0x000000010000a028
0x00000000fa300d60	1	1471	  null  	dead	sun/reflect/DelegatingClassLoader@0x000000010000a028
0x00000000f6614b30	1	1471	0x00000000f6600308	dead	sun/reflect/DelegatingClassLoader@0x000000010000a028
0x00000000f705ae50	1	1471	0x00000000f6600308	dead	sun/reflect/DelegatingClassLoader@0x000000010000a028
0x00000000f705c250	1	1471	0x00000000f6600308	dead	sun/reflect/DelegatingClassLoader@0x000000010000a028
0x00000000f7218678	1	1471	  null  	dead	sun/reflect/DelegatingClassLoader@0x000000010000a028
0x00000000f6c26398	1	1471	0x00000000f6600308	dead	sun/reflect/DelegatingClassLoader@0x000000010000a028
0x00000000f6f6cda8	1	1084	0x00000000f6600308	dead	sun/reflect/misc/MethodUtil@0x00000001005a19f0
0x00000000f710f070	1	1471	0x00000000f6600308	dead	sun/reflect/DelegatingClassLoader@0x000000010000a028
0x00000000f71ae278	1	1471	0x00000000f6600308	dead	sun/reflect/DelegatingClassLoader@0x000000010000a028
0x00000000f71b0078	1	1471	0x00000000f6600308	dead	sun/reflect/DelegatingClassLoader@0x000000010000a028
0x00000000f6600308	2743	4129562	0x00000000f6615850	dead	sun/misc/Launcher$AppClassLoader@0x000000010000f8d8
0x00000000f7219048	1	1471	  null  	dead	sun/reflect/DelegatingClassLoader@0x000000010000a028
0x00000000f71aca70	1	1471	0x00000000f6600308	dead	sun/reflect/DelegatingClassLoader@0x000000010000a028
0x00000000f71b8070	1	1471	0x00000000f6600308	dead	sun/reflect/DelegatingClassLoader@0x000000010000a028
0x00000000f705be68	1	1471	0x00000000f6600308	dead	sun/reflect/DelegatingClassLoader@0x000000010000a028
0x00000000f6c257b0	1	1471	  null  	dead	sun/reflect/DelegatingClassLoader@0x000000010000a028
0x00000000f71b6468	1	1471	0x00000000f6600308	dead	sun/reflect/DelegatingClassLoader@0x000000010000a028
0x00000000fa301148	1	1471	0x00000000f6600308	dead	sun/reflect/DelegatingClassLoader@0x000000010000a028
0x00000000f6ad2fd0	0	0	0x00000000f6600308	dead	java/util/ResourceBundle$RBClassLoader@0x000000010010b6c8
0x00000000f6f67b88	1	1474	  null  	dead	sun/reflect/DelegatingClassLoader@0x000000010000a028
0x00000000f6f6df88	1	1471	0x00000000f6600308	dead	sun/reflect/DelegatingClassLoader@0x000000010000a028
0x00000000f6c25940	1	1471	0x00000000f6600308	dead	sun/reflect/DelegatingClassLoader@0x000000010000a028
0x00000000f7057e80	1	1471	0x00000000f6600308	dead	sun/reflect/DelegatingClassLoader@0x000000010000a028
0x00000000f705ba80	1	1471	0x00000000f6600308	dead	sun/reflect/DelegatingClassLoader@0x000000010000a028
0x00000000f6f67f70	1	1473	  null  	dead	sun/reflect/DelegatingClassLoader@0x000000010000a028
0x00000000f71f1098	1	1471	0x00000000f6600308	dead	sun/reflect/DelegatingClassLoader@0x000000010000a028
0x00000000f71f3498	1	880	0x00000000f6600308	dead	sun/reflect/DelegatingClassLoader@0x000000010000a028
0x00000000fa300fb8	1	1471	  null  	dead	sun/reflect/DelegatingClassLoader@0x000000010000a028
0x00000000f71b9490	1	1471	0x00000000f6600308	dead	sun/reflect/DelegatingClassLoader@0x000000010000a028
0x00000000f7041088	0	0	0x00000000f6600308	dead	org/apache/flink/runtime/execution/librarycache/FlinkUserCodeClassLoaders$SafetyNetWrapperClassLoader@0x00000001005d44b0
0x00000000f71c9088	1	880	  null  	dead	sun/reflect/DelegatingClassLoader@0x000000010000a028
0x00000000f705b490	0	0	0x00000000f6600308	dead	org/apache/flink/runtime/execution/librarycache/FlinkUserCodeClassLoaders$SafetyNetWrapperClassLoader@0x00000001005d44b0
0x00000000f7104488	1	1471	0x00000000f6600308	dead	sun/reflect/DelegatingClassLoader@0x000000010000a028
0x00000000f6c25558	1	1471	  null  	dead	sun/reflect/DelegatingClassLoader@0x000000010000a028
0x00000000f71c8c80	1	1471	  null  	dead	sun/reflect/DelegatingClassLoader@0x000000010000a028
0x00000000f705b698	1	1471	  null  	dead	sun/reflect/DelegatingClassLoader@0x000000010000a028
0x00000000f6f68568	1	1471	  null  	dead	sun/reflect/DelegatingClassLoader@0x000000010000a028
0x00000000f71eca80	1	1471	  null  	dead	sun/reflect/DelegatingClassLoader@0x000000010000a028
0x00000000f70fec90	1	1471	0x00000000f6600308	dead	sun/reflect/DelegatingClassLoader@0x000000010000a028
0x00000000fa300190	1	1471	0x00000000f6600308	dead	sun/reflect/DelegatingClassLoader@0x000000010000a028
0x00000000f7222680	1	1471	  null  	dead	sun/reflect/DelegatingClassLoader@0x000000010000a028
0x00000000f71de8b8	1	1471	0x00000000f6600308	dead	sun/reflect/DelegatingClassLoader@0x000000010000a028
0x00000000f6f68950	1	1471	  null  	dead	sun/reflect/DelegatingClassLoader@0x000000010000a028
0x00000000f6f6e150	1	1471	  null  	dead	sun/reflect/DelegatingClassLoader@0x000000010000a028
0x00000000f705b0a8	1	1471	0x00000000f6600308	dead	sun/reflect/DelegatingClassLoader@0x000000010000a028
0x00000000f6f68358	1	1471	0x00000000f6600308	dead	sun/reflect/DelegatingClassLoader@0x000000010000a028
0x00000000f71f30b0	1	1471	0x00000000f6600308	dead	sun/reflect/DelegatingClassLoader@0x000000010000a028
0x00000000f71f3cb0	5	4766	0x00000000f6600308	dead	org/apache/flink/runtime/execution/librarycache/FlinkUserCodeClassLoaders$ParentFirstClassLoader@0x00000001005d4108
0x00000000f6c23b70	1	1473	  null  	dead	sun/reflect/DelegatingClassLoader@0x000000010000a028
0x00000000f6c24f70	1	1471	0x00000000f6600308	dead	sun/reflect/DelegatingClassLoader@0x000000010000a028
0x00000000f66147d8	1	1481	  null  	dead	sun/reflect/DelegatingClassLoader@0x000000010000a028
0x00000000f71ba2a0	1	1471	  null  	dead	sun/reflect/DelegatingClassLoader@0x000000010000a028
0x00000000f71d34a0	1	1471	0x00000000f6600308	dead	sun/reflect/DelegatingClassLoader@0x000000010000a028
0x00000000f721dae0	1	1471	0x00000000f6600308	dead	sun/reflect/DelegatingClassLoader@0x000000010000a028
0x00000000f6c23d00	1	1473	  null  	dead	sun/reflect/DelegatingClassLoader@0x000000010000a028
0x00000000f6c24500	1	1471	0x00000000f6600308	dead	sun/reflect/DelegatingClassLoader@0x000000010000a028
0x00000000f71a96d8	1	1471	  null  	dead	sun/reflect/DelegatingClassLoader@0x000000010000a028
0x00000000f705acc0	1	1471	0x00000000f6600308	dead	sun/reflect/DelegatingClassLoader@0x000000010000a028
0x00000000f705c0c0	1	1471	0x00000000f6600308	dead	sun/reflect/DelegatingClassLoader@0x000000010000a028
0x00000000f6f67930	1	880	0x00000000f6600308	dead	sun/reflect/DelegatingClassLoader@0x000000010000a028
0x00000000f71708d0	4	4068	0x00000000f6600308	dead	org/apache/flink/runtime/execution/librarycache/FlinkUserCodeClassLoaders$ParentFirstClassLoader@0x00000001005d4108
0x00000000f71878c8	1	1471	0x00000000f71f3cb0	dead	sun/reflect/DelegatingClassLoader@0x000000010000a028
0x00000000fd59cc80	1	1471	0x00000000fd777d40	dead	sun/reflect/DelegatingClassLoader@0x000000010000a028
0x00000000f6c23918	1	1473	0x00000000f6600308	dead	sun/reflect/DelegatingClassLoader@0x000000010000a028
0x00000000f705bcd8	1	1471	0x00000000f6600308	dead	sun/reflect/DelegatingClassLoader@0x000000010000a028
0x00000000f71ee2c0	1	1471	0x00000000f6600308	dead	sun/reflect/DelegatingClassLoader@0x000000010000a028
0x00000000fa300bd0	1	1471	  null  	dead	sun/reflect/DelegatingClassLoader@0x000000010000a028
0x00000000f6c24928	1	1471	0x00000000f6600000	dead	sun/reflect/DelegatingClassLoader@0x000000010000a028
0x00000000f71b0af0	1	1471	0x00000000f6600308	dead	sun/reflect/DelegatingClassLoader@0x000000010000a028
0x00000000f6f67d18	1	1474	  null  	dead	sun/reflect/DelegatingClassLoader@0x000000010000a028
0x00000000f71180e0	1	1471	0x00000000f6600308	dead	sun/reflect/DelegatingClassLoader@0x000000010000a028
0x00000000f6c23530	1	880	0x00000000f6600308	dead	sun/reflect/DelegatingClassLoader@0x000000010000a028
0x00000000f705b8f0	1	1471	0x00000000f6600308	dead	sun/reflect/DelegatingClassLoader@0x000000010000a028
0x00000000f6f68100	1	1471	0x00000000f6600308	dead	sun/reflect/DelegatingClassLoader@0x000000010000a028
0x00000000f71006e8	1	1471	0x00000000f6600308	dead	sun/reflect/DelegatingClassLoader@0x000000010000a028
0x00000000f72100d8	1	1471	0x00000000f6600308	dead	sun/reflect/DelegatingClassLoader@0x000000010000a028
0x00000000f71ad6e0	1	1471	0x00000000f6600308	dead	sun/reflect/DelegatingClassLoader@0x000000010000a028

total = 235	6937	11900035	    N/A    	alive=1, dead=234	    N/A    
